[debug] [2025-04-25T09:39:50.602Z] ----------------------------------------------------------------------
[debug] [2025-04-25T09:39:50.604Z] Command:       C:\Program Files\nodejs\node.exe C:\Users\erezh\AppData\Roaming\npm\node_modules\firebase-tools\lib\bin\firebase.js deploy
[debug] [2025-04-25T09:39:50.604Z] CLI Version:   14.0.1
[debug] [2025-04-25T09:39:50.605Z] Platform:      win32
[debug] [2025-04-25T09:39:50.605Z] Node Version:  v20.18.1
[debug] [2025-04-25T09:39:50.605Z] Time:          Fri Apr 25 2025 12:39:50 GMT+0300 (Israel Daylight Time)
[debug] [2025-04-25T09:39:50.605Z] ----------------------------------------------------------------------
[debug] 
[debug] [2025-04-25T09:39:50.607Z] >>> [apiv2][query] GET https://firebase-public.firebaseio.com/cli.json [none]
[debug] [2025-04-25T09:39:50.784Z] > command requires scopes: ["email","openid","https://www.googleapis.com/auth/cloudplatformprojects.readonly","https://www.googleapis.com/auth/firebase","https://www.googleapis.com/auth/cloud-platform"]
[debug] [2025-04-25T09:39:50.785Z] > authorizing via signed-in user (erezhabani2003@gmail.com)
[debug] [2025-04-25T09:39:50.785Z] [iam] checking project instabot-ca8d9 for permissions ["firebase.projects.get","firebasehosting.sites.update"]
[debug] [2025-04-25T09:39:50.785Z] Checked if tokens are valid: false, expires at: 1744644484650
[debug] [2025-04-25T09:39:50.785Z] Checked if tokens are valid: false, expires at: 1744644484650
[debug] [2025-04-25T09:39:50.786Z] > refreshing access token with scopes: []
[debug] [2025-04-25T09:39:50.786Z] >>> [apiv2][query] POST https://www.googleapis.com/oauth2/v3/token [none]
[debug] [2025-04-25T09:39:50.786Z] >>> [apiv2][body] POST https://www.googleapis.com/oauth2/v3/token [omitted]
[debug] [2025-04-25T09:39:50.956Z] <<< [apiv2][status] POST https://www.googleapis.com/oauth2/v3/token 200
[debug] [2025-04-25T09:39:50.957Z] <<< [apiv2][body] POST https://www.googleapis.com/oauth2/v3/token [omitted]
[debug] [2025-04-25T09:39:50.962Z] >>> [apiv2][query] POST https://cloudresourcemanager.googleapis.com/v1/projects/instabot-ca8d9:testIamPermissions [none]
[debug] [2025-04-25T09:39:50.962Z] >>> [apiv2][(partial)header] POST https://cloudresourcemanager.googleapis.com/v1/projects/instabot-ca8d9:testIamPermissions x-goog-quota-user=projects/instabot-ca8d9
[debug] [2025-04-25T09:39:50.962Z] >>> [apiv2][body] POST https://cloudresourcemanager.googleapis.com/v1/projects/instabot-ca8d9:testIamPermissions {"permissions":["firebase.projects.get","firebasehosting.sites.update"]}
[debug] [2025-04-25T09:39:51.125Z] <<< [apiv2][status] GET https://firebase-public.firebaseio.com/cli.json 200
[debug] [2025-04-25T09:39:51.125Z] <<< [apiv2][body] GET https://firebase-public.firebaseio.com/cli.json {"cloudBuildErrorAfter":1594252800000,"cloudBuildWarnAfter":1590019200000,"defaultNode10After":1594252800000,"minVersion":"3.0.5","node8DeploysDisabledAfter":1613390400000,"node8RuntimeDisabledAfter":1615809600000,"node8WarnAfter":1600128000000}
